d:\5.github\structure-and-algorithms-of-data-processing-adp-\№4\statictable\x64\debug\vc143.pdb
d:\5.github\structure-and-algorithms-of-data-processing-adp-\№4\statictable\x64\debug\vc143.idb
d:\5.github\structure-and-algorithms-of-data-processing-adp-\№4\statictable\x64\debug\userinteraction.obj
d:\5.github\structure-and-algorithms-of-data-processing-adp-\№4\statictable\x64\debug\studenttable.obj
d:\5.github\structure-and-algorithms-of-data-processing-adp-\№4\statictable\x64\debug\student.obj
d:\5.github\structure-and-algorithms-of-data-processing-adp-\№4\statictable\x64\debug\statictable.obj
d:\5.github\structure-and-algorithms-of-data-processing-adp-\№4\statictable\x64\debug\input.obj
d:\5.github\structure-and-algorithms-of-data-processing-adp-\№4\statictable\x64\debug\statictable.ilk
d:\5.github\structure-and-algorithms-of-data-processing-adp-\№4\x64\debug\statictable.exe
d:\5.github\structure-and-algorithms-of-data-processing-adp-\№4\x64\debug\statictable.pdb
d:\5.github\structure-and-algorithms-of-data-processing-adp-\№4\statictable\x64\debug\statictable.res
d:\5.github\structure-and-algorithms-of-data-processing-adp-\№4\statictable\x64\debug\statictable.tlog\cl.command.1.tlog
d:\5.github\structure-and-algorithms-of-data-processing-adp-\№4\statictable\x64\debug\statictable.tlog\cl.read.1.tlog
d:\5.github\structure-and-algorithms-of-data-processing-adp-\№4\statictable\x64\debug\statictable.tlog\cl.write.1.tlog
d:\5.github\structure-and-algorithms-of-data-processing-adp-\№4\statictable\x64\debug\statictable.tlog\link.command.1.tlog
d:\5.github\structure-and-algorithms-of-data-processing-adp-\№4\statictable\x64\debug\statictable.tlog\link.read.1.tlog
d:\5.github\structure-and-algorithms-of-data-processing-adp-\№4\statictable\x64\debug\statictable.tlog\link.write.1.tlog
d:\5.github\structure-and-algorithms-of-data-processing-adp-\№4\statictable\x64\debug\statictable.tlog\rc.command.1.tlog
d:\5.github\structure-and-algorithms-of-data-processing-adp-\№4\statictable\x64\debug\statictable.tlog\rc.read.1.tlog
d:\5.github\structure-and-algorithms-of-data-processing-adp-\№4\statictable\x64\debug\statictable.tlog\rc.write.1.tlog
