c:\users\rober\documents\4.github\structure-and-algorithms-of-data-processing-adp-\№1\task№2 (variant№28)\x64\debug\vc143.pdb
c:\users\rober\documents\4.github\structure-and-algorithms-of-data-processing-adp-\№1\task№2 (variant№28)\x64\debug\vc143.idb
c:\users\rober\documents\4.github\structure-and-algorithms-of-data-processing-adp-\№1\task№2 (variant№28)\x64\debug\userinput.obj
c:\users\rober\documents\4.github\structure-and-algorithms-of-data-processing-adp-\№1\task№2 (variant№28)\x64\debug\task№2 (variant№28).obj
c:\users\rober\documents\4.github\structure-and-algorithms-of-data-processing-adp-\№1\task№2 (variant№28)\x64\debug\sieveoferatosthenes.obj
c:\users\rober\documents\4.github\structure-and-algorithms-of-data-processing-adp-\№1\task№2 (variant№28)\x64\debug\dynamicsequence.obj
c:\users\rober\documents\4.github\structure-and-algorithms-of-data-processing-adp-\№1\task№2 (variant№28)\x64\debug\dynamicprimesequence.obj
c:\users\rober\documents\4.github\structure-and-algorithms-of-data-processing-adp-\№1\task№1 (variant№28)\x64\debug\task№2 (variant№28).pdb
c:\users\rober\documents\4.github\structure-and-algorithms-of-data-processing-adp-\№1\task№2 (variant№28)\x64\debug\task№2 (.4b7f9fe9.tlog\cl.command.1.tlog
c:\users\rober\documents\4.github\structure-and-algorithms-of-data-processing-adp-\№1\task№2 (variant№28)\x64\debug\task№2 (.4b7f9fe9.tlog\cl.read.1.tlog
c:\users\rober\documents\4.github\structure-and-algorithms-of-data-processing-adp-\№1\task№2 (variant№28)\x64\debug\task№2 (.4b7f9fe9.tlog\cl.write.1.tlog
c:\users\rober\documents\4.github\structure-and-algorithms-of-data-processing-adp-\№1\task№2 (variant№28)\x64\debug\task№2 (.4b7f9fe9.tlog\link-cvtres.read.1.tlog
c:\users\rober\documents\4.github\structure-and-algorithms-of-data-processing-adp-\№1\task№2 (variant№28)\x64\debug\task№2 (.4b7f9fe9.tlog\link-cvtres.write.1.tlog
c:\users\rober\documents\4.github\structure-and-algorithms-of-data-processing-adp-\№1\task№2 (variant№28)\x64\debug\task№2 (.4b7f9fe9.tlog\link-rc.read.1.tlog
c:\users\rober\documents\4.github\structure-and-algorithms-of-data-processing-adp-\№1\task№2 (variant№28)\x64\debug\task№2 (.4b7f9fe9.tlog\link-rc.write.1.tlog
c:\users\rober\documents\4.github\structure-and-algorithms-of-data-processing-adp-\№1\task№2 (variant№28)\x64\debug\task№2 (.4b7f9fe9.tlog\link.5984-cvtres.read.1.tlog
c:\users\rober\documents\4.github\structure-and-algorithms-of-data-processing-adp-\№1\task№2 (variant№28)\x64\debug\task№2 (.4b7f9fe9.tlog\link.5984-cvtres.write.1.tlog
c:\users\rober\documents\4.github\structure-and-algorithms-of-data-processing-adp-\№1\task№2 (variant№28)\x64\debug\task№2 (.4b7f9fe9.tlog\link.5984-rc.read.1.tlog
c:\users\rober\documents\4.github\structure-and-algorithms-of-data-processing-adp-\№1\task№2 (variant№28)\x64\debug\task№2 (.4b7f9fe9.tlog\link.5984-rc.write.1.tlog
c:\users\rober\documents\4.github\structure-and-algorithms-of-data-processing-adp-\№1\task№2 (variant№28)\x64\debug\task№2 (.4b7f9fe9.tlog\link.5984.read.1.tlog
c:\users\rober\documents\4.github\structure-and-algorithms-of-data-processing-adp-\№1\task№2 (variant№28)\x64\debug\task№2 (.4b7f9fe9.tlog\link.5984.read.2.tlog
c:\users\rober\documents\4.github\structure-and-algorithms-of-data-processing-adp-\№1\task№2 (variant№28)\x64\debug\task№2 (.4b7f9fe9.tlog\link.5984.write.1.tlog
c:\users\rober\documents\4.github\structure-and-algorithms-of-data-processing-adp-\№1\task№2 (variant№28)\x64\debug\task№2 (.4b7f9fe9.tlog\link.command.1.tlog
c:\users\rober\documents\4.github\structure-and-algorithms-of-data-processing-adp-\№1\task№2 (variant№28)\x64\debug\task№2 (.4b7f9fe9.tlog\link.read.1.tlog
c:\users\rober\documents\4.github\structure-and-algorithms-of-data-processing-adp-\№1\task№2 (variant№28)\x64\debug\task№2 (.4b7f9fe9.tlog\link.read.3.tlog
c:\users\rober\documents\4.github\structure-and-algorithms-of-data-processing-adp-\№1\task№2 (variant№28)\x64\debug\task№2 (.4b7f9fe9.tlog\link.write.1.tlog
